-------------------------------------------------------------------------------
Test set: guru.springframework.sfgpetclinic.SfgPetClinicApplicationTests
-------------------------------------------------------------------------------
Tests run: 1, Failures: 0, Errors: 1, Skipped: 0, Time elapsed: 3.791 s <<< FAILURE! - in guru.springframework.sfgpetclinic.SfgPetClinicApplicationTests
contextLoads  Time elapsed: 0.001 s  <<< ERROR!
java.lang.IllegalStateException: Failed to load ApplicationContext
Caused by: java.lang.reflect.MalformedParameterizedTypeException

